%%[Xlating Mac nico:Users:nicolashumbert:Documents:icono serris:logos:logo assoc:logo atts.eps]%%
%%[Xlat operation succeeded.]%%

%%[Xlating Mac nico:private:var:folders:Tl:TlmHn1cQHF0MIqeGa1YQcE+++UY:-Tmp-:TemporaryItems:jaws313:QEPSTempXYZ.eps]%%
%%[Xlat operation succeeded.]%%

%%[Xlating disk comm:COMMUNICATION:Serrissien:Serrissien N¡78 ok:Images:imprim'vert.eps]%%
%%[Xlat operation succeeded.]%%

%%[Xlating Mac nico:private:var:folders:Tl:TlmHn1cQHF0MIqeGa1YQcE+++UY:-Tmp-:TemporaryItems:jaws313:QEPSTempXYZ.eps]%%
%%[Xlat operation succeeded.]%%

%%[Distiller generating /Users/nicolashumbert/Sites/Site serris/DossierPDFTelechargement/agenda/Agenda Serris-2.pdf]%%
%%[ DIAGNOSTIC: %%ViewingOrientation: 1 0 0 1, rotation = 0 ]%%
%%[ WARNING: Ignoring unknown distiller param: MaxSubsetPct ]%%
%%[ Info: auto-filter using JPEG encoding (metric=0.000000). ]%%
%%[ get_dct_encode_params: DCTEncode cannot be used for an image in /Indexed colour space. Using FlateEncode instead. ]%%
%%[ Info: auto-filter using JPEG encoding (metric=0.000000). ]%%
%%[ get_dct_encode_params: DCTEncode cannot be used for an image in /Indexed colour space. Using FlateEncode instead. ]%%
%%[ Info: auto-filter using JPEG encoding (metric=0.034213). ]%%
%%[ Info: auto-filter using JPEG encoding (metric=0.255591). ]%%
%%[ Info: auto-filter using JPEG encoding (metric=0.112649). ]%%
%%[ Info: auto-filter using JPEG encoding (metric=0.301050). ]%%
%%[ Info: auto-filter using JPEG encoding (metric=0.172502). ]%%
%%[ Info: auto-filter using JPEG encoding (metric=0.125527). ]%%
%%[ Info: auto-filter using JPEG encoding (metric=0.058897). ]%%
%%[ Info: auto-filter using JPEG encoding (metric=0.301784). ]%%
%%[ Info: auto-filter using JPEG encoding (metric=0.107802). ]%%
%%[ Info: auto-filter using JPEG encoding (metric=0.221704). ]%%
%%[ Info: auto-filter using JPEG encoding (metric=0.138191). ]%%
%%[ Info: auto-filter using JPEG encoding (metric=0.102616). ]%%
%%[ Info: auto-filter using JPEG encoding (metric=0.118024). ]%%
%%[ Info: auto-filter using JPEG encoding (metric=0.217176). ]%%
%%[ Info: auto-filter using JPEG encoding (metric=0.251147). ]%%
%%[ Info: auto-filter using JPEG encoding (metric=0.017504). ]%%
%%[ Info: auto-filter using JPEG encoding (metric=0.497163). ]%%
%%[ Info: auto-filter using JPEG encoding (metric=0.201636). ]%%
%%[ Info: auto-filter using JPEG encoding (metric=0.349797). ]%%
%%[ Info: auto-filter using JPEG encoding (metric=0.287700). ]%%
%%[Distiller operation succeeded.]%%

